<?xml version="1.0" encoding="UTF-8"?>
<!-- Generated by org.testng.reporters.JUnitXMLReporter -->
<testsuite hostname="EMPINHYD-031" name="Test" tests="5" failures="0" timestamp="30 Jul 2019 05:39:07 GMT" time="137.548" errors="0">
  <testcase name="checkLogo" time="0.395" classname="testNGBasics.GoogleTest"/>
  <testcase name="checkTitle" time="0.011" classname="testNGBasics.GoogleTest"/>
  <testcase name="checkLink" time="0.029" classname="testNGBasics.GoogleTest"/>
  <testcase name="checkSearch" time="1.288" classname="testNGBasics.GoogleTest"/>
  <testcase name="checkSearch" time="0.286" classname="testNGBasics.GoogleTest"/>
</testsuite> <!-- Test -->
